15:51:50.900 [main] INFO  api.test.UserTests - ********* Creating User ************
15:51:58.971 [main] INFO  api.test.UserTests - ********* User is created ************
15:51:59.047 [main] INFO  api.test.UserTests - ********* Reading  User  info************
15:52:00.563 [main] INFO  api.test.UserTests - ********* User info is displayed  ************
15:52:00.572 [main] INFO  api.test.UserTests - ********* Updating User  ************
15:52:01.919 [main] INFO  api.test.UserTests - ********* User is updated ************
15:52:03.228 [main] INFO  api.test.UserTests - ********* Deleting  User ************
15:52:04.565 [main] INFO  api.test.UserTests - ********* User Deleted ************
15:53:46.629 [main] INFO  api.test.UserTests - ********* Creating User ************
15:53:55.003 [main] INFO  api.test.UserTests - ********* User is created ************
15:53:55.047 [main] INFO  api.test.UserTests - ********* Reading  User  info************
15:53:56.455 [main] INFO  api.test.UserTests - ********* User info is displayed  ************
15:53:56.462 [main] INFO  api.test.UserTests - ********* Updating User  ************
15:53:57.799 [main] INFO  api.test.UserTests - ********* User is updated ************
15:53:59.145 [main] INFO  api.test.UserTests - ********* Deleting  User ************
15:54:00.490 [main] INFO  api.test.UserTests - ********* User Deleted ************
21:05:54.949 [main] INFO  api.test.UserTests - ********* Creating User ************
21:05:55.014 [main] INFO  api.test.UserTests - ********* Reading  User  info************
21:05:55.048 [main] INFO  api.test.UserTests - ********* Updating User  ************
21:05:55.072 [main] INFO  api.test.UserTests - ********* Deleting  User ************
21:12:35.888 [main] INFO  api.test.UserTests - ********* Creating User ************
21:12:35.926 [main] INFO  api.test.UserTests - ********* Reading  User  info************
21:12:35.962 [main] INFO  api.test.UserTests - ********* Updating User  ************
21:12:35.997 [main] INFO  api.test.UserTests - ********* Deleting  User ************
21:15:02.526 [main] INFO  api.test.UserTests - ********* Creating User ************
21:15:14.621 [main] INFO  api.test.UserTests - ********* User is created ************
21:15:14.644 [main] INFO  api.test.UserTests - ********* Reading  User  info************
21:15:16.068 [main] INFO  api.test.UserTests - ********* User info is displayed  ************
21:15:16.076 [main] INFO  api.test.UserTests - ********* Updating User  ************
21:15:17.395 [main] INFO  api.test.UserTests - ********* User is updated ************
21:15:18.764 [main] INFO  api.test.UserTests - ********* Deleting  User ************
21:15:20.056 [main] INFO  api.test.UserTests - ********* User Deleted ************
06:28:33.886 [main] INFO  api.test.UserTests - ********* Creating User ************
06:28:35.413 [main] INFO  api.test.UserTests - ********* User is created ************
06:28:35.417 [main] INFO  api.test.UserTests - ********* Reading  User  info************
06:28:36.760 [main] INFO  api.test.UserTests - ********* User info is displayed  ************
06:28:36.762 [main] INFO  api.test.UserTests - ********* Updating User  ************
06:28:38.634 [main] INFO  api.test.UserTests - ********* User is updated ************
06:28:39.924 [main] INFO  api.test.UserTests - ********* Deleting  User ************
06:28:41.260 [main] INFO  api.test.UserTests - ********* User Deleted ************
06:35:30.807 [main] INFO  api.test.UserTests - ********* Creating User ************
06:35:37.344 [main] INFO  api.test.UserTests - ********* User is created ************
06:35:37.400 [main] INFO  api.test.UserTests - ********* Reading  User  info************
06:35:38.755 [main] INFO  api.test.UserTests - ********* User info is displayed  ************
06:35:38.768 [main] INFO  api.test.UserTests - ********* Updating User  ************
06:35:40.060 [main] INFO  api.test.UserTests - ********* User is updated ************
06:35:41.356 [main] INFO  api.test.UserTests - ********* Deleting  User ************
06:35:42.635 [main] INFO  api.test.UserTests - ********* User Deleted ************
06:40:24.713 [main] INFO  api.test.UserTests - ********* Creating User ************
06:40:26.152 [main] INFO  api.test.UserTests - ********* User is created ************
06:40:26.155 [main] INFO  api.test.UserTests - ********* Reading  User  info************
06:40:27.781 [main] INFO  api.test.UserTests - ********* User info is displayed  ************
06:40:27.783 [main] INFO  api.test.UserTests - ********* Updating User  ************
06:40:29.197 [main] INFO  api.test.UserTests - ********* User is updated ************
06:40:30.531 [main] INFO  api.test.UserTests - ********* Deleting  User ************
06:40:32.819 [main] INFO  api.test.UserTests - ********* User Deleted ************
06:46:46.110 [main] INFO  api.test.UserTests - ********* Creating User ************
06:46:51.230 [main] INFO  api.test.UserTests - ********* User is created ************
06:46:51.259 [main] INFO  api.test.UserTests - ********* Reading  User  info************
06:46:52.639 [main] INFO  api.test.UserTests - ********* User info is displayed  ************
06:46:52.645 [main] INFO  api.test.UserTests - ********* Updating User  ************
06:46:53.980 [main] INFO  api.test.UserTests - ********* User is updated ************
06:46:55.278 [main] INFO  api.test.UserTests - ********* Deleting  User ************
06:46:56.613 [main] INFO  api.test.UserTests - ********* User Deleted ************
07:07:19.297 [main] INFO  api.test.UserTests - ********* Creating User ************
07:07:25.648 [main] INFO  api.test.UserTests - ********* User is created ************
07:07:25.735 [main] INFO  api.test.UserTests - ********* Reading  User  info************
07:07:27.201 [main] INFO  api.test.UserTests - ********* User info is displayed  ************
07:07:27.208 [main] INFO  api.test.UserTests - ********* Updating User  ************
07:07:28.882 [main] INFO  api.test.UserTests - ********* User is updated ************
07:07:30.183 [main] INFO  api.test.UserTests - ********* Deleting  User ************
07:07:31.516 [main] INFO  api.test.UserTests - ********* User Deleted ************
15:21:10.758 [main] INFO  api.test.UserTests - ********* Creating User ************
15:21:21.649 [main] INFO  api.test.UserTests - ********* User is created ************
15:21:21.708 [main] INFO  api.test.UserTests - ********* Reading  User  info************
15:21:23.144 [main] INFO  api.test.UserTests - ********* User info is displayed  ************
15:21:23.157 [main] INFO  api.test.UserTests - ********* Updating User  ************
15:21:24.470 [main] INFO  api.test.UserTests - ********* User is updated ************
15:21:25.789 [main] INFO  api.test.UserTests - ********* Deleting  User ************
15:21:27.057 [main] INFO  api.test.UserTests - ********* User Deleted ************
15:31:06.274 [main] INFO  api.test.UserTests - ********* Creating User ************
15:31:13.664 [main] INFO  api.test.UserTests - ********* User is created ************
15:31:13.713 [main] INFO  api.test.UserTests - ********* Reading  User  info************
15:31:15.089 [main] INFO  api.test.UserTests - ********* User info is displayed  ************
15:31:15.098 [main] INFO  api.test.UserTests - ********* Updating User  ************
15:31:16.495 [main] INFO  api.test.UserTests - ********* User is updated ************
15:31:17.835 [main] INFO  api.test.UserTests - ********* Deleting  User ************
15:31:19.160 [main] INFO  api.test.UserTests - ********* User Deleted ************
21:54:10.260 [main] INFO  api.test.StoreTests - *********deleting the order**********
21:54:21.963 [main] INFO  api.test.StoreTests - *********Getting the order details**********
21:54:23.184 [main] INFO  api.test.StoreTests - **********Placing the order*********
21:59:07.083 [main] INFO  api.test.StoreTests - *********deleting the order**********
21:59:14.955 [main] INFO  api.test.StoreTests - *********Getting the order details**********
21:59:16.303 [main] INFO  api.test.StoreTests - **********Placing the order*********
22:02:06.367 [main] INFO  api.test.StoreTests - **********Placing the order*********
22:04:28.401 [main] INFO  api.test.StoreTests - **********Placing the order*********
22:33:53.959 [main] INFO  api.test.StoreTests - **********Placing the order*********
22:36:45.821 [main] INFO  api.test.StoreTests - **********Placing the order*********
09:02:31.614 [main] INFO  api.test.StoreTests - **********Placing the order*********
09:02:43.106 [main] INFO  api.test.StoreTests - **********order is placed*********
09:03:28.176 [main] INFO  api.test.StoreTests - **********Placing the order*********
09:03:33.880 [main] INFO  api.test.StoreTests - **********order is placed*********
09:04:55.253 [main] INFO  api.test.StoreTests - *********Getting the order details**********
09:05:01.285 [main] INFO  api.test.StoreTests - **********Placing the order*********
09:05:03.214 [main] INFO  api.test.StoreTests - **********order is placed*********
09:07:34.385 [main] INFO  api.test.StoreTests - *********Getting the order details**********
09:07:48.509 [main] INFO  api.test.StoreTests - **********Placing the order*********
09:07:51.064 [main] INFO  api.test.StoreTests - **********order is placed*********
09:11:44.591 [main] INFO  api.test.StoreTests - *********Getting the order details**********
09:11:49.914 [main] INFO  api.test.StoreTests - *********order details fetched**********
09:11:49.942 [main] INFO  api.test.StoreTests - **********Placing the order*********
09:11:51.874 [main] INFO  api.test.StoreTests - **********order is placed*********
09:12:49.265 [main] INFO  api.test.StoreTests - *********deleting the order**********
09:12:54.031 [main] INFO  api.test.StoreTests - *********order deleted**********
09:12:54.047 [main] INFO  api.test.StoreTests - *********Getting the order details**********
09:12:55.269 [main] INFO  api.test.StoreTests - **********Placing the order*********
09:12:56.887 [main] INFO  api.test.StoreTests - **********order is placed*********
09:13:55.019 [main] INFO  api.test.UserTests - ********* Creating User ************
09:14:00.952 [main] INFO  api.test.UserTests - ********* User is created ************
09:14:00.964 [main] INFO  api.test.UserTests - ********* Reading  User  info************
09:14:02.474 [main] INFO  api.test.UserTests - ********* User info is displayed  ************
09:14:02.491 [main] INFO  api.test.UserTests - ********* Updating User  ************
09:14:03.842 [main] INFO  api.test.UserTests - ********* User is updated ************
09:14:05.217 [main] INFO  api.test.UserTests - ********* Deleting  User ************
09:14:06.563 [main] INFO  api.test.UserTests - ********* User Deleted ************
09:14:33.065 [main] INFO  api.test.StoreTests - *********deleting the order**********
09:14:38.041 [main] INFO  api.test.StoreTests - *********order deleted**********
09:14:38.053 [main] INFO  api.test.StoreTests - *********Getting the order details**********
09:14:39.533 [main] INFO  api.test.StoreTests - **********Placing the order*********
09:14:41.331 [main] INFO  api.test.StoreTests - **********order is placed*********
09:17:34.414 [main] INFO  api.test.StoreTests - *********deleting the order**********
09:17:39.363 [main] INFO  api.test.StoreTests - *********order deleted**********
09:17:39.378 [main] INFO  api.test.StoreTests - *********Getting the order details**********
09:17:40.779 [main] INFO  api.test.StoreTests - **********Placing the order*********
09:17:42.721 [main] INFO  api.test.StoreTests - **********order is placed*********
09:18:50.193 [main] INFO  api.test.StoreTests - **********Placing the order*********
09:18:55.595 [main] INFO  api.test.StoreTests - **********order is placed*********
09:18:55.610 [main] INFO  api.test.StoreTests - *********Getting the order details**********
09:18:56.949 [main] INFO  api.test.StoreTests - *********order details fetched**********
09:18:56.964 [main] INFO  api.test.StoreTests - *********deleting the order**********
09:18:58.215 [main] INFO  api.test.StoreTests - *********order deleted**********
